Nov 28, 2020 10:15:58 PM com.sychronisation.coverage.analyzer.SynchronisationAnalyzerAgent premain
INFO: Starting Java Agent......
PackagesToScan: com.library.system
Running tests!
{"className":"com/library/system/model/User","methodStatistics":[{"methodName":"getUserId","synchronised":false},{"methodName":"setUserId","synchronised":false},{"methodName":"getUserName","synchronised":false},{"methodName":"setUserName","synchronised":false},{"methodName":"getBooksBorrowed","synchronised":false},{"methodName":"setBooksBorrowed","synchronised":false},{"methodName":"getMessages","synchronised":false},{"methodName":"setMessages","synchronised":false},{"methodName":"appendMessage","synchronised":false},{"methodName":"getAllMessagesByUserId","synchronised":false},{"methodName":"getAllBooksByUserId","synchronised":false}],"runnable":false}
{"className":"com/library/system/service/UserService","methodStatistics":[{"methodName":"addUsers","synchronised":false}],"runnable":false}
{"className":"com/library/system/service/BookService","methodStatistics":[{"methodName":"addBooks","synchronised":false}],"runnable":false}
.{"className":"com/library/system/service/UserCreator","methodStatistics":[{"methodName":"run","synchronised":false}],"runnable":true}
{"className":"com/library/system/model/UserIdGenerator","methodStatistics":[{"methodName":"increment","synchronised":false},{"methodName":"resetCounter","synchronised":false}],"runnable":false}
{"className":"com/library/system/model/Library","methodStatistics":[{"methodName":"getBooks","synchronised":false},{"methodName":"setBook","synchronised":false},{"methodName":"getUsers","synchronised":false},{"methodName":"setUser","synchronised":false}],"runnable":false}
com.library.system.service.UserService-testConcurrency_withoutSynchronisation_withMultipleThread(com.library.system.service.UserServiceTest)-failed
.{"className":"com/library/system/model/SynchronisedBookIdGenerator","methodStatistics":[{"methodName":"increment","synchronised":true},{"methodName":"resetCounter","synchronised":false}],"runnable":false}
{"className":"com/library/system/model/Book","methodStatistics":[{"methodName":"setIsbn","synchronised":false},{"methodName":"getIsbn","synchronised":false},{"methodName":"setBookName","synchronised":false},{"methodName":"getBookName","synchronised":false},{"methodName":"setUser","synchronised":false},{"methodName":"getUser","synchronised":false},{"methodName":"getDamageDescription","synchronised":false},{"methodName":"isBookAvailable","synchronised":false},{"methodName":"getBookDetailsByIsbn","synchronised":false},{"methodName":"getBookDetail","synchronised":false},{"methodName":"equals","synchronised":false},{"methodName":"hashCode","synchronised":false}],"runnable":false}
{"className":"com/library/system/service/BookCreator","methodStatistics":[{"methodName":"run","synchronised":false}],"runnable":true}
com.library.system.service.BookService-testConcurrency_withMultipleThread(com.library.system.service.BookServiceTest)-passed

Time: 100.344
There was 1 failure:
1) com.library.system.service.BookService-testConcurrency_withMultipleThread(com.library.system.service.UserServiceTest)
java.lang.AssertionError
	at org.junit.Assert.fail(Assert.java:86)
	at org.junit.Assert.assertTrue(Assert.java:41)
	at org.junit.Assert.assertTrue(Assert.java:52)
	at com.library.system.service.UserServiceTest.testConcurrency_withoutSynchronisation_withMultipleThread(UserServiceTest.java:50)
	at sun.reflect.NativeMethodAccessorImpl.invoke0(Native Method)
	at sun.reflect.NativeMethodAccessorImpl.invoke(Unknown Source)
	at sun.reflect.DelegatingMethodAccessorImpl.invoke(Unknown Source)
	at java.lang.reflect.Method.invoke(Unknown Source)
	at org.junit.runners.model.FrameworkMethod$1.runReflectiveCall(FrameworkMethod.java:47)
	at org.junit.internal.runners.model.ReflectiveCallable.run(ReflectiveCallable.java:12)
	at org.junit.runners.model.FrameworkMethod.invokeExplosively(FrameworkMethod.java:44)
	at org.junit.internal.runners.statements.InvokeMethod.evaluate(InvokeMethod.java:17)
	at org.junit.internal.runners.statements.RunBefores.evaluate(RunBefores.java:26)
	at org.junit.rules.TestWatcher$1.evaluate(TestWatcher.java:55)
	at org.junit.rules.ExternalResource$1.evaluate(ExternalResource.java:48)
	at org.junit.rules.RunRules.evaluate(RunRules.java:20)
	at org.junit.runners.ParentRunner.runLeaf(ParentRunner.java:271)
	at org.junit.runners.BlockJUnit4ClassRunner.runChild(BlockJUnit4ClassRunner.java:70)
	at org.junit.runners.BlockJUnit4ClassRunner.runChild(BlockJUnit4ClassRunner.java:50)
	at org.junit.runners.ParentRunner$3.run(ParentRunner.java:238)
	at org.junit.runners.ParentRunner$1.schedule(ParentRunner.java:63)
	at org.junit.runners.ParentRunner.runChildren(ParentRunner.java:236)
	at org.junit.runners.ParentRunner.access$000(ParentRunner.java:53)
	at org.junit.runners.ParentRunner$2.evaluate(ParentRunner.java:229)
	at org.junit.runners.ParentRunner.run(ParentRunner.java:309)
	at org.junit.runners.Suite.runChild(Suite.java:127)
	at org.junit.runners.Suite.runChild(Suite.java:26)
	at org.junit.runners.ParentRunner$3.run(ParentRunner.java:238)
	at org.junit.runners.ParentRunner$1.schedule(ParentRunner.java:63)
	at org.junit.runners.ParentRunner.runChildren(ParentRunner.java:236)
	at org.junit.runners.ParentRunner.access$000(ParentRunner.java:53)
	at org.junit.runners.ParentRunner$2.evaluate(ParentRunner.java:229)
	at org.junit.runners.ParentRunner.run(ParentRunner.java:309)
	at org.junit.runners.Suite.runChild(Suite.java:127)
	at org.junit.runners.Suite.runChild(Suite.java:26)
	at org.junit.runners.ParentRunner$3.run(ParentRunner.java:238)
	at org.junit.runners.ParentRunner$1.schedule(ParentRunner.java:63)
	at org.junit.runners.ParentRunner.runChildren(ParentRunner.java:236)
	at org.junit.runners.ParentRunner.access$000(ParentRunner.java:53)
	at org.junit.runners.ParentRunner$2.evaluate(ParentRunner.java:229)
	at org.junit.runners.ParentRunner.run(ParentRunner.java:309)
	at org.junit.runner.JUnitCore.run(JUnitCore.java:160)
	at org.junit.runner.JUnitCore.run(JUnitCore.java:138)
	at org.junit.runner.JUnitCore.run(JUnitCore.java:117)
	at com.library.system.MainAppTest.main(MainAppTest.java:13)

FAILURES!!!
Tests run: 2,  Failures: 1

